2025-07-24 23:18:09.074 - DBeaver 24.3.0.202412011650 is starting
2025-07-24 23:18:09.074 - OS: Windows 11 10.0 (amd64)
2025-07-24 23:18:09.075 - Java version: 17.0.6 by Eclipse Adoptium (64bit)
2025-07-24 23:18:09.075 - Install path: 'D:\web_1900_lyj\dbms\resource\dbeaver-ce-24.3.0-win32.win32.x86_64\dbeaver'
2025-07-24 23:18:09.075 - Instance path: 'file:/D:/web_1900_lyj/dbms/workspace/'
2025-07-24 23:18:09.076 - Memory available 64Mb/1024Mb
2025-07-24 23:18:09.076 - Platform not initialized: metadata folder may be not set
2025-07-24 23:18:09.083 - Create display
2025-07-24 23:18:09.214 - Initialize desktop platform...
2025-07-24 23:18:09.319 - BounceCastle bundle found. Use JCE provider BC
> Start Core File Systems [org.eclipse.core.filesystem 1.11.0.v20240824-0952]
> Start Core Resource Management [org.eclipse.core.resources 3.21.0.v20240805-1607]
> Start Team Support Core [org.eclipse.team.core 3.10.500.v20240621-0541]
> Start DBeaver UI Navigator [org.jkiss.dbeaver.ui.navigator 1.0.144.202412011650]
2025-07-24 23:18:09.555 - Initialize base platform...
> Start DBeaver UI Editors - Base [org.jkiss.dbeaver.ui.editors.base 1.0.144.202412011650]
2025-07-24 23:18:09.583 - send collected statistics
2025-07-24 23:18:09.601 - Platform initialized (387ms)
2025-07-24 23:18:09.648 - Starting instance server at http://localhost:54837
2025-07-24 23:18:09.655 - Run workbench
> Start Eclipse e4 Workbench SWT [org.eclipse.e4.ui.workbench.swt 0.17.500.v20240807-0911]
> Start Eclipse Application Services [org.eclipse.e4.core.services 2.4.400.v20240413-1529]
> Start Eclipse UI Application Services [org.eclipse.e4.ui.services 1.6.300.v20231201-1637]
> Start Eclipse e4 Progress View [org.eclipse.e4.ui.progress 0.4.600.v20240606-1020]
> Start Eclipse Bindings Support [org.eclipse.e4.ui.bindings 0.14.400.v20240321-1245]
> Start Eclipse e4 core commands [org.eclipse.e4.core.commands 1.1.400.v20240424-0444]
> Start EMF XML/XMI Persistence [org.eclipse.emf.ecore.xmi 2.38.0.v20240721-0634]
> Start Eclipse CSS SWT Theme Support [org.eclipse.e4.ui.css.swt.theme 0.14.400.v20240424-0956]
> Start Eclipse e4 Workbench Add-ons [org.eclipse.e4.ui.workbench.addons.swt 1.5.500.v20240620-1945]
> Start Eclipse e4 Workbench SWT Renderer [org.eclipse.e4.ui.workbench.renderers.swt 0.16.500.v20240727-1037]
> Start Eclipse Dependency Injection Extensions [org.eclipse.e4.core.di.extensions 0.18.300.v20240413-1529]
> Start Eclipse CSS SWT Support [org.eclipse.e4.ui.css.swt 0.15.400.v20240321-1245]
> Start Default Text Editor [org.eclipse.ui.editors 3.18.0.v20240807-0735]
> Start Text Editor Framework [org.eclipse.ui.workbench.texteditor 3.18.0.v20240819-1419]
2025-07-24 23:18:17.711 - Configure workbench window
> Start DBeaver SQL Model [org.jkiss.dbeaver.model.sql 1.0.134.202412011650]
2025-07-24 23:18:17.797 - Script dialect 'gbase8s' not found in registry (for data source provider gbase8s). Use default.
2025-07-24 23:18:17.832 - Total database drivers: 121 (121)
> Start Help System Core [org.eclipse.help 3.10.400.v20240415-0528]
2025-07-24 23:18:17.901 - Create actions
2025-07-24 23:18:17.905 - Disable Eclipse action set 'org.eclipse.ui.edit.text.actionSet.annotationNavigation'
2025-07-24 23:18:17.906 - Disable Eclipse action set 'org.eclipse.ui.WorkingSetActionSet'
2025-07-24 23:18:17.906 - Disable Eclipse action set 'org.eclipse.ui.actionSet.openFiles'
2025-07-24 23:18:17.906 - Create workbench actions
2025-07-24 23:18:18.363 - Initialize workbench window
2025-07-24 23:18:18.368 - Finish initialization
> Start DBeaver UI Editors - Data [org.jkiss.dbeaver.ui.editors.data 1.0.144.202412011650]
Warning: NLS unused message: actions_navigator__objects in: org.jkiss.dbeaver.ui.editors.sql.internal.SQLEditorMessages
> Start DBeaver UI Editors - SQL [org.jkiss.dbeaver.ui.editors.sql 1.0.144.202412011650]
> Start DBeaver SQL Terminal [org.jkiss.dbeaver.ui.editors.sql.terminal 1.0.120.202412011650]
> Start Core Compare Support [org.eclipse.compare.core 3.8.500.v20240524-2010]
> Start Internet Connection Management UI [org.eclipse.ui.net 1.5.400.v20240413-1529]
> Start Internet Connection Management [org.eclipse.core.net 1.5.500.v20240625-1706]
> Start DBeaver Sample Database [org.jkiss.dbeaver.ext.sample.database 1.0.181.202412011650]
> Start DBeaver Tip of the day [org.jkiss.dbeaver.ext.ui.tipoftheday 1.0.150.202412011650]
> Start GEF Classic Draw2d [org.eclipse.draw2d 3.17.0.202409021815]
> Start GEF Classic GEF (MVC) [org.eclipse.gef 3.19.0.202409021815]
> Start DBeaver ERD UI [org.jkiss.dbeaver.erd.ui 3.0.104.202412011650]
> Start DBeaver ERD Model [org.jkiss.dbeaver.erd.model 1.0.104.202412011650]
> Start DBeaver Dashboard UI [org.jkiss.dbeaver.ui.dashboard 1.0.141.202412011650]
> Start DBeaver UI Editors - Connections [org.jkiss.dbeaver.ui.editors.connection 1.0.135.202412011650]
> Start DBeaver JDBC Model [org.jkiss.dbeaver.model.jdbc 1.0.37.202412011650]
> Start DBeaver Oracle Model [org.jkiss.dbeaver.ext.oracle 2.1.229.202412011650]
> Start DBeaver Tasks - Native Tools UI [org.jkiss.dbeaver.tasks.native.ui 1.0.122.202412011650]
> Start DBeaver Oracle UI [org.jkiss.dbeaver.ext.oracle.ui 1.0.131.202412011650]
> Start DBeaver Tasks - General UI [org.jkiss.dbeaver.tasks.ui 1.0.122.202412011650]
> Start Console [org.eclipse.ui.console 3.14.100.v20240429-1358]
> Start Debug Core [org.eclipse.debug.core 3.21.500.v20240801-2219]
2025-07-24 23:18:20.987 - Connect with 'localhost' (oracle_thin-1983c283e96-595464bd267aad15)
2025-07-24 23:18:21.020 - Execution context opened (localhost; Main; 0)
2025-07-24 23:18:21.226 - Execution context opened (localhost; Metadata; 1)
2025-07-24 23:18:21.330 - Connected (oracle_thin-1983c283e96-595464bd267aad15, Oracle JDBC driver [11.2.0.2.0])
2025-07-24 23:18:21.332 - Execution context opened (localhost; SQLEditor <day04(시퀀스로값넣기).sql>; 2)
> Start DBeaver SQL Language Semantic Model [org.jkiss.dbeaver.model.lsm 1.0.39.202412011650]
2025-07-24 23:26:45.215 - Execution context closed (localhost, 2)
2025-07-24 23:26:45.411 - Dispose navigator model
2025-07-24 23:26:45.442 - DBeaver is stopping
2025-07-24 23:26:45.443 - Stop instance server
2025-07-24 23:26:46.458 - DBeaver shutdown completed
