2025-07-31 19:00:13.564 - DBeaver 24.3.0.202412011650 is starting
2025-07-31 19:00:13.565 - OS: Windows 11 10.0 (amd64)
2025-07-31 19:00:13.566 - Java version: 17.0.6 by Eclipse Adoptium (64bit)
2025-07-31 19:00:13.566 - Install path: 'D:\web_1900_lyj\dbms\resource\dbeaver-ce-24.3.0-win32.win32.x86_64\dbeaver'
2025-07-31 19:00:13.566 - Instance path: 'file:/D:/web_1900_lyj/dbms/workspace/'
2025-07-31 19:00:13.568 - Memory available 64Mb/1024Mb
2025-07-31 19:00:13.568 - Platform not initialized: metadata folder may be not set
2025-07-31 19:00:13.587 - Create display
2025-07-31 19:00:13.769 - Initialize desktop platform...
2025-07-31 19:00:13.913 - BounceCastle bundle found. Use JCE provider BC
> Start Core File Systems [org.eclipse.core.filesystem 1.11.0.v20240824-0952]
> Start Core Resource Management [org.eclipse.core.resources 3.21.0.v20240805-1607]
> Start Team Support Core [org.eclipse.team.core 3.10.500.v20240621-0541]
> Start DBeaver UI Navigator [org.jkiss.dbeaver.ui.navigator 1.0.144.202412011650]
2025-07-31 19:00:14.303 - Initialize base platform...
> Start DBeaver UI Editors - Base [org.jkiss.dbeaver.ui.editors.base 1.0.144.202412011650]
2025-07-31 19:00:14.338 - send collected statistics
2025-07-31 19:00:14.362 - Platform initialized (593ms)
2025-07-31 19:00:14.434 - Starting instance server at http://localhost:50723
2025-07-31 19:00:14.460 - Run workbench
> Start Eclipse e4 Workbench SWT [org.eclipse.e4.ui.workbench.swt 0.17.500.v20240807-0911]
> Start Eclipse Application Services [org.eclipse.e4.core.services 2.4.400.v20240413-1529]
> Start Eclipse UI Application Services [org.eclipse.e4.ui.services 1.6.300.v20231201-1637]
> Start Eclipse e4 Progress View [org.eclipse.e4.ui.progress 0.4.600.v20240606-1020]
> Start Eclipse Bindings Support [org.eclipse.e4.ui.bindings 0.14.400.v20240321-1245]
> Start Eclipse e4 core commands [org.eclipse.e4.core.commands 1.1.400.v20240424-0444]
> Start EMF XML/XMI Persistence [org.eclipse.emf.ecore.xmi 2.38.0.v20240721-0634]
> Start Eclipse CSS SWT Theme Support [org.eclipse.e4.ui.css.swt.theme 0.14.400.v20240424-0956]
> Start Eclipse e4 Workbench Add-ons [org.eclipse.e4.ui.workbench.addons.swt 1.5.500.v20240620-1945]
> Start Eclipse e4 Workbench SWT Renderer [org.eclipse.e4.ui.workbench.renderers.swt 0.16.500.v20240727-1037]
> Start Eclipse Dependency Injection Extensions [org.eclipse.e4.core.di.extensions 0.18.300.v20240413-1529]
> Start Eclipse CSS SWT Support [org.eclipse.e4.ui.css.swt 0.15.400.v20240321-1245]
> Start Default Text Editor [org.eclipse.ui.editors 3.18.0.v20240807-0735]
> Start Text Editor Framework [org.eclipse.ui.workbench.texteditor 3.18.0.v20240819-1419]
2025-07-31 19:00:37.819 - Configure workbench window
> Start DBeaver SQL Model [org.jkiss.dbeaver.model.sql 1.0.134.202412011650]
2025-07-31 19:00:38.111 - Script dialect 'gbase8s' not found in registry (for data source provider gbase8s). Use default.
2025-07-31 19:00:38.262 - Total database drivers: 121 (121)
> Start Help System Core [org.eclipse.help 3.10.400.v20240415-0528]
2025-07-31 19:00:38.538 - Create actions
2025-07-31 19:00:38.553 - Disable Eclipse action set 'org.eclipse.ui.edit.text.actionSet.annotationNavigation'
2025-07-31 19:00:38.554 - Disable Eclipse action set 'org.eclipse.ui.WorkingSetActionSet'
2025-07-31 19:00:38.555 - Disable Eclipse action set 'org.eclipse.ui.actionSet.openFiles'
2025-07-31 19:00:38.556 - Create workbench actions
2025-07-31 19:00:39.755 - Initialize workbench window
2025-07-31 19:00:39.773 - Finish initialization
> Start DBeaver UI Editors - Data [org.jkiss.dbeaver.ui.editors.data 1.0.144.202412011650]
Warning: NLS unused message: actions_navigator__objects in: org.jkiss.dbeaver.ui.editors.sql.internal.SQLEditorMessages
> Start DBeaver UI Editors - SQL [org.jkiss.dbeaver.ui.editors.sql 1.0.144.202412011650]
> Start DBeaver SQL Terminal [org.jkiss.dbeaver.ui.editors.sql.terminal 1.0.120.202412011650]
> Start Core Compare Support [org.eclipse.compare.core 3.8.500.v20240524-2010]
> Start Internet Connection Management UI [org.eclipse.ui.net 1.5.400.v20240413-1529]
> Start Internet Connection Management [org.eclipse.core.net 1.5.500.v20240625-1706]
> Start DBeaver Sample Database [org.jkiss.dbeaver.ext.sample.database 1.0.181.202412011650]
> Start DBeaver Tip of the day [org.jkiss.dbeaver.ext.ui.tipoftheday 1.0.150.202412011650]
> Start GEF Classic Draw2d [org.eclipse.draw2d 3.17.0.202409021815]
> Start GEF Classic GEF (MVC) [org.eclipse.gef 3.19.0.202409021815]
> Start DBeaver ERD UI [org.jkiss.dbeaver.erd.ui 3.0.104.202412011650]
> Start DBeaver ERD Model [org.jkiss.dbeaver.erd.model 1.0.104.202412011650]
> Start DBeaver Dashboard UI [org.jkiss.dbeaver.ui.dashboard 1.0.141.202412011650]
> Start DBeaver UI Editors - Connections [org.jkiss.dbeaver.ui.editors.connection 1.0.135.202412011650]
> Start DBeaver JDBC Model [org.jkiss.dbeaver.model.jdbc 1.0.37.202412011650]
> Start DBeaver Oracle Model [org.jkiss.dbeaver.ext.oracle 2.1.229.202412011650]
> Start Console [org.eclipse.ui.console 3.14.100.v20240429-1358]
> Start Debug Core [org.eclipse.debug.core 3.21.500.v20240801-2219]
2025-07-31 19:00:47.772 - Connect with 'localhost' (oracle_thin-1983c283e96-595464bd267aad15)
2025-07-31 19:00:47.810 - Execution context opened (localhost; Main; 0)
> Start DBeaver SQL Language Semantic Model [org.jkiss.dbeaver.model.lsm 1.0.39.202412011650]
2025-07-31 19:00:48.463 - Execution context opened (localhost; Metadata; 1)
2025-07-31 19:00:48.584 - Connected (oracle_thin-1983c283e96-595464bd267aad15, Oracle JDBC driver [11.2.0.2.0])
2025-07-31 19:00:48.587 - Execution context opened (localhost; SQLEditor <day04(시퀀스로값넣기).sql>; 2)
> Start DBeaver Tasks - Native Tools UI [org.jkiss.dbeaver.tasks.native.ui 1.0.122.202412011650]
> Start DBeaver Oracle UI [org.jkiss.dbeaver.ext.oracle.ui 1.0.131.202412011650]
> Start DBeaver Tasks - General UI [org.jkiss.dbeaver.tasks.ui 1.0.122.202412011650]
> Start DBeaver MySQL UI Support [org.jkiss.dbeaver.ext.mysql.ui 1.0.136.202412011650]
> Start DBeaver MySQL Support [org.jkiss.dbeaver.ext.mysql 2.1.229.202412011650]
2025-07-31 21:13:22.524 - Service 'org.jkiss.dbeaver.runtime.ui.UIServiceSecurity' not found
2025-07-31 21:13:46.616 - Open [https://repo1.maven.org/maven2/com/mysql/mysql-connector-j/8.2.0/mysql-connector-j-8.2.0.pom]
2025-07-31 21:13:47.462 - Open [https://repo1.maven.org/maven2/com/google/protobuf/protobuf-java/3.21.9/protobuf-java-3.21.9.pom]
2025-07-31 21:13:47.633 - Open [https://repo1.maven.org/maven2/com/google/protobuf/protobuf-parent/3.21.9/protobuf-parent-3.21.9.pom]
2025-07-31 21:13:47.802 - Open [https://repo1.maven.org/maven2/com/google/protobuf/protobuf-bom/3.21.9/protobuf-bom-3.21.9.pom]
2025-07-31 21:14:24.399 - Open [https://repo1.maven.org/maven2/com/mysql/mysql-connector-j/8.2.0/mysql-connector-j-8.2.0.jar]
2025-07-31 21:14:25.749 - Open [https://repo1.maven.org/maven2/com/google/protobuf/protobuf-java/3.21.9/protobuf-java-3.21.9.jar]
2025-07-31 21:14:26.173 - Open [https://www.gnu.org/licenses/old-licenses/lgpl-2.0.txt]
2025-07-31 21:14:27.177 - Connect with 'jdbc:mysql://localhost:3306/' (mysql8-19860671a54-53ff024a20d0d2ff)
2025-07-31 21:14:35.641 - Execution context opened (jdbc:mysql://localhost:3306/; Main; 3)
> Start DBeaver GIS Support [org.jkiss.dbeaver.data.gis 1.0.168.202412011650]
2025-07-31 21:14:36.000 - Connected (mysql8-19860671a54-53ff024a20d0d2ff, MySQL Connector/J [mysql-connector-j-8.2.0 (Revision: 06a1f724497fd81c6a659131fda822c9e5085b6c)])
2025-07-31 21:14:36.016 - Execution context closed (jdbc:mysql://localhost:3306/, 3)
2025-07-31 21:14:36.017 - Disconnected (mysql8-19860671a54-53ff024a20d0d2ff)
2025-07-31 21:15:38.988 - Connect with 'localhost' (mysql8-1986066bc4e-7d273b237108622e)
2025-07-31 21:15:38.988 - Execution context opened (localhost; Main; 4)
2025-07-31 21:15:38.993 - Execution context opened (localhost; Metadata; 5)
2025-07-31 21:15:39.025 - Connected (mysql8-1986066bc4e-7d273b237108622e, MySQL Connector/J [mysql-connector-j-8.2.0 (Revision: 06a1f724497fd81c6a659131fda822c9e5085b6c)])
2025-07-31 21:15:50.101 - Auth model 'native' was replaced by 'oracle_native'
2025-07-31 21:15:50.116 - Service 'org.jkiss.dbeaver.runtime.ui.UIServiceSecurity' not found
2025-07-31 21:16:07.303 - Connect with 'jdbc:oracle:thin:@//localhost:1521/xe' (oracle_thin-1986069406d-4f5295dbf3964197)
2025-07-31 21:16:07.304 - Execution context opened (jdbc:oracle:thin:@//localhost:1521/xe; Main; 6)
2025-07-31 21:16:07.346 - Connected (oracle_thin-1986069406d-4f5295dbf3964197, Oracle JDBC driver [11.2.0.2.0])
2025-07-31 21:16:07.358 - Execution context closed (jdbc:oracle:thin:@//localhost:1521/xe, 6)
2025-07-31 21:16:07.358 - Disconnected (oracle_thin-1986069406d-4f5295dbf3964197)
2025-07-31 21:17:03.273 - Connect with 'localhost 2' (oracle_thin-1986068fcdb-72d041b3e5bce428)
2025-07-31 21:17:03.273 - Execution context opened (localhost 2; Main; 7)
2025-07-31 21:17:03.296 - Execution context opened (localhost 2; Metadata; 8)
2025-07-31 21:17:03.331 - Connected (oracle_thin-1986068fcdb-72d041b3e5bce428, Oracle JDBC driver [11.2.0.2.0])
2025-07-31 21:17:50.991 - Can't get column 'password': Column 'password' not found.
2025-07-31 21:19:57.203 - No active connection
2025-07-31 21:20:04.261 - No active connection
2025-07-31 21:20:18.118 - Transaction log is not available.
Connect to a database.
2025-07-31 21:20:24.500 - No active connection. Action is in disabled state.
2025-07-31 21:20:27.058 - Execution context opened (localhost; SQLEditor <Script.sql>; 9)
> Start DBeaver Data Transfer [org.jkiss.dbeaver.data.transfer 2.0.128.202412011650]
2025-07-31 21:25:31.614 - SQL Error [1007] [HY000]: Can't create database 'webdb'; database exists
org.jkiss.dbeaver.model.sql.DBSQLException: SQL Error [1007] [HY000]: Can't create database 'webdb'; database exists
	at org.jkiss.dbeaver.model.impl.jdbc.exec.JDBCStatementImpl.executeStatement(JDBCStatementImpl.java:130)
	at org.jkiss.dbeaver.ui.editors.sql.execute.SQLQueryJob.executeStatement(SQLQueryJob.java:631)
	at org.jkiss.dbeaver.ui.editors.sql.execute.SQLQueryJob.lambda$2(SQLQueryJob.java:522)
	at org.jkiss.dbeaver.model.exec.DBExecUtils.tryExecuteRecover(DBExecUtils.java:192)
	at org.jkiss.dbeaver.ui.editors.sql.execute.SQLQueryJob.executeSingleQuery(SQLQueryJob.java:541)
	at org.jkiss.dbeaver.ui.editors.sql.execute.SQLQueryJob.extractData(SQLQueryJob.java:1016)
	at org.jkiss.dbeaver.ui.editors.sql.SQLEditor$QueryResultsContainer.readData(SQLEditor.java:4273)
	at org.jkiss.dbeaver.ui.controls.resultset.ResultSetJobDataRead.lambda$0(ResultSetJobDataRead.java:128)
	at org.jkiss.dbeaver.model.exec.DBExecUtils.tryExecuteRecover(DBExecUtils.java:192)
	at org.jkiss.dbeaver.ui.controls.resultset.ResultSetJobDataRead.run(ResultSetJobDataRead.java:126)
	at org.jkiss.dbeaver.ui.controls.resultset.ResultSetViewer$ResultSetDataPumpJob.run(ResultSetViewer.java:5166)
	at org.jkiss.dbeaver.model.runtime.AbstractJob.run(AbstractJob.java:119)
	at org.eclipse.core.internal.jobs.Worker.run(Worker.java:63)
Caused by: java.sql.SQLException: Can't create database 'webdb'; database exists
	at com.mysql.cj.jdbc.exceptions.SQLError.createSQLException(SQLError.java:130)
	at com.mysql.cj.jdbc.exceptions.SQLExceptionsMapping.translateException(SQLExceptionsMapping.java:122)
	at com.mysql.cj.jdbc.StatementImpl.executeInternal(StatementImpl.java:767)
	at com.mysql.cj.jdbc.StatementImpl.execute(StatementImpl.java:652)
	at org.jkiss.dbeaver.model.impl.jdbc.exec.JDBCStatementImpl.execute(JDBCStatementImpl.java:344)
	at org.jkiss.dbeaver.model.impl.jdbc.exec.JDBCStatementImpl.executeStatement(JDBCStatementImpl.java:128)
	... 12 more
2025-07-31 21:25:40.566 - SQL Error [1007] [HY000]: Can't create database 'webdb'; database exists
org.jkiss.dbeaver.model.sql.DBSQLException: SQL Error [1007] [HY000]: Can't create database 'webdb'; database exists
	at org.jkiss.dbeaver.model.impl.jdbc.exec.JDBCStatementImpl.executeStatement(JDBCStatementImpl.java:130)
	at org.jkiss.dbeaver.ui.editors.sql.execute.SQLQueryJob.executeStatement(SQLQueryJob.java:631)
	at org.jkiss.dbeaver.ui.editors.sql.execute.SQLQueryJob.lambda$2(SQLQueryJob.java:522)
	at org.jkiss.dbeaver.model.exec.DBExecUtils.tryExecuteRecover(DBExecUtils.java:192)
	at org.jkiss.dbeaver.ui.editors.sql.execute.SQLQueryJob.executeSingleQuery(SQLQueryJob.java:541)
	at org.jkiss.dbeaver.ui.editors.sql.execute.SQLQueryJob.extractData(SQLQueryJob.java:1016)
	at org.jkiss.dbeaver.ui.editors.sql.SQLEditor$QueryResultsContainer.readData(SQLEditor.java:4273)
	at org.jkiss.dbeaver.ui.controls.resultset.ResultSetJobDataRead.lambda$0(ResultSetJobDataRead.java:128)
	at org.jkiss.dbeaver.model.exec.DBExecUtils.tryExecuteRecover(DBExecUtils.java:192)
	at org.jkiss.dbeaver.ui.controls.resultset.ResultSetJobDataRead.run(ResultSetJobDataRead.java:126)
	at org.jkiss.dbeaver.ui.controls.resultset.ResultSetViewer$ResultSetDataPumpJob.run(ResultSetViewer.java:5166)
	at org.jkiss.dbeaver.model.runtime.AbstractJob.run(AbstractJob.java:119)
	at org.eclipse.core.internal.jobs.Worker.run(Worker.java:63)
Caused by: java.sql.SQLException: Can't create database 'webdb'; database exists
	at com.mysql.cj.jdbc.exceptions.SQLError.createSQLException(SQLError.java:130)
	at com.mysql.cj.jdbc.exceptions.SQLExceptionsMapping.translateException(SQLExceptionsMapping.java:122)
	at com.mysql.cj.jdbc.StatementImpl.executeInternal(StatementImpl.java:767)
	at com.mysql.cj.jdbc.StatementImpl.execute(StatementImpl.java:652)
	at org.jkiss.dbeaver.model.impl.jdbc.exec.JDBCStatementImpl.execute(JDBCStatementImpl.java:344)
	at org.jkiss.dbeaver.model.impl.jdbc.exec.JDBCStatementImpl.executeStatement(JDBCStatementImpl.java:128)
	... 12 more
2025-07-31 21:27:24.999 - SQL Error [1064] [42000]: You have an error in your SQL syntax; check the manual that corresponds to your MySQL server version for the right syntax to use near 'primary key,
user_name varchar(20) not null,
user_age int
)' at line 2

Error position: line: 1
org.jkiss.dbeaver.model.sql.DBSQLException: SQL Error [1064] [42000]: You have an error in your SQL syntax; check the manual that corresponds to your MySQL server version for the right syntax to use near 'primary key,
user_name varchar(20) not null,
user_age int
)' at line 2
	at org.jkiss.dbeaver.model.impl.jdbc.exec.JDBCStatementImpl.executeStatement(JDBCStatementImpl.java:130)
	at org.jkiss.dbeaver.ui.editors.sql.execute.SQLQueryJob.executeStatement(SQLQueryJob.java:631)
	at org.jkiss.dbeaver.ui.editors.sql.execute.SQLQueryJob.lambda$2(SQLQueryJob.java:522)
	at org.jkiss.dbeaver.model.exec.DBExecUtils.tryExecuteRecover(DBExecUtils.java:192)
	at org.jkiss.dbeaver.ui.editors.sql.execute.SQLQueryJob.executeSingleQuery(SQLQueryJob.java:541)
	at org.jkiss.dbeaver.ui.editors.sql.execute.SQLQueryJob.extractData(SQLQueryJob.java:1016)
	at org.jkiss.dbeaver.ui.editors.sql.SQLEditor$QueryResultsContainer.readData(SQLEditor.java:4273)
	at org.jkiss.dbeaver.ui.controls.resultset.ResultSetJobDataRead.lambda$0(ResultSetJobDataRead.java:128)
	at org.jkiss.dbeaver.model.exec.DBExecUtils.tryExecuteRecover(DBExecUtils.java:192)
	at org.jkiss.dbeaver.ui.controls.resultset.ResultSetJobDataRead.run(ResultSetJobDataRead.java:126)
	at org.jkiss.dbeaver.ui.controls.resultset.ResultSetViewer$ResultSetDataPumpJob.run(ResultSetViewer.java:5166)
	at org.jkiss.dbeaver.model.runtime.AbstractJob.run(AbstractJob.java:119)
	at org.eclipse.core.internal.jobs.Worker.run(Worker.java:63)
Caused by: java.sql.SQLSyntaxErrorException: You have an error in your SQL syntax; check the manual that corresponds to your MySQL server version for the right syntax to use near 'primary key,
user_name varchar(20) not null,
user_age int
)' at line 2
	at com.mysql.cj.jdbc.exceptions.SQLError.createSQLException(SQLError.java:121)
	at com.mysql.cj.jdbc.exceptions.SQLExceptionsMapping.translateException(SQLExceptionsMapping.java:122)
	at com.mysql.cj.jdbc.StatementImpl.executeInternal(StatementImpl.java:767)
	at com.mysql.cj.jdbc.StatementImpl.execute(StatementImpl.java:652)
	at org.jkiss.dbeaver.model.impl.jdbc.exec.JDBCStatementImpl.execute(JDBCStatementImpl.java:344)
	at org.jkiss.dbeaver.model.impl.jdbc.exec.JDBCStatementImpl.executeStatement(JDBCStatementImpl.java:128)
	... 12 more
2025-07-31 21:27:43.301 - Execution context opened (localhost 2; SQLEditor <Script.sql>; 10)
2025-07-31 21:27:43.312 - Execution context closed (localhost, 9)
2025-07-31 21:29:11.724 - Execution context opened (localhost 2; SQLEditor <Script-1.sql>; 11)
2025-07-31 21:32:08.272 - Execution context opened (localhost; SQLEditor <Script.sql>; 12)
2025-07-31 21:32:08.283 - Execution context closed (localhost 2, 10)
2025-07-31 21:37:35.039 - Error while analyzing query text: insert into tbl_user(user_name, user_age, )
values ()
java.lang.NullPointerException: Cannot invoke "org.jkiss.dbeaver.model.sql.semantics.SQLQuerySymbolEntry.isNotClassified()" because "columnName" is null
	at org.jkiss.dbeaver.model.sql.semantics.model.dml.SQLQueryInsertModel.propagateContextImpl(SQLQueryInsertModel.java:94)
	at org.jkiss.dbeaver.model.sql.semantics.model.dml.SQLQueryDMLStatementModel.applyContext(SQLQueryDMLStatementModel.java:57)
	at org.jkiss.dbeaver.model.sql.semantics.model.SQLQueryModel.propagateContext(SQLQueryModel.java:80)
	at org.jkiss.dbeaver.model.sql.semantics.SQLQueryModelRecognizer.recognizeQuery(SQLQueryModelRecognizer.java:156)
	at org.jkiss.dbeaver.model.sql.semantics.SQLQueryModelRecognizer.recognizeQuery(SQLQueryModelRecognizer.java:934)
	at org.jkiss.dbeaver.ui.editors.sql.semantics.SQLBackgroundParsingJob.doWork(SQLBackgroundParsingJob.java:660)
	at org.jkiss.dbeaver.ui.editors.sql.semantics.SQLBackgroundParsingJob$1.run(SQLBackgroundParsingJob.java:96)
	at org.jkiss.dbeaver.model.runtime.AbstractJob.run(AbstractJob.java:119)
	at org.eclipse.core.internal.jobs.Worker.run(Worker.java:63)
2025-07-31 21:37:44.686 - Error while analyzing query text: insert into tbl_user(user_name, user_age, )
values ()
java.lang.NullPointerException: Cannot invoke "org.jkiss.dbeaver.model.sql.semantics.SQLQuerySymbolEntry.isNotClassified()" because "columnName" is null
	at org.jkiss.dbeaver.model.sql.semantics.model.dml.SQLQueryInsertModel.propagateContextImpl(SQLQueryInsertModel.java:94)
	at org.jkiss.dbeaver.model.sql.semantics.model.dml.SQLQueryDMLStatementModel.applyContext(SQLQueryDMLStatementModel.java:57)
	at org.jkiss.dbeaver.model.sql.semantics.model.SQLQueryModel.propagateContext(SQLQueryModel.java:80)
	at org.jkiss.dbeaver.model.sql.semantics.SQLQueryModelRecognizer.recognizeQuery(SQLQueryModelRecognizer.java:156)
	at org.jkiss.dbeaver.model.sql.semantics.SQLQueryModelRecognizer.recognizeQuery(SQLQueryModelRecognizer.java:934)
	at org.jkiss.dbeaver.ui.editors.sql.semantics.SQLBackgroundParsingJob.doWork(SQLBackgroundParsingJob.java:660)
	at org.jkiss.dbeaver.ui.editors.sql.semantics.SQLBackgroundParsingJob$1.run(SQLBackgroundParsingJob.java:96)
	at org.jkiss.dbeaver.model.runtime.AbstractJob.run(AbstractJob.java:119)
	at org.eclipse.core.internal.jobs.Worker.run(Worker.java:63)
2025-07-31 21:40:10.181 - Table 'tables' not found in metadata catalog
2025-07-31 21:40:10.181 - Table 'tables' not found in metadata catalog
2025-07-31 21:40:10.181 - Table 'collations' not found in metadata catalog
2025-07-31 21:42:40.402 - Execution context closed (localhost, 2)
2025-07-31 21:42:40.484 - Execution context closed (localhost 2, 11)
2025-07-31 21:43:06.684 - Table 'tables' not found in metadata catalog
2025-07-31 21:43:06.684 - Table 'tables' not found in metadata catalog
2025-07-31 21:43:06.684 - Table 'collations' not found in metadata catalog
2025-07-31 21:49:41.715 - Execution context opened (localhost 2; SQLEditor <Script-1.sql>; 13)
2025-07-31 21:50:45.297 - SWT resource leak detected
java.lang.Error: SWT Resource was not properly disposed
	at org.eclipse.swt.graphics.Resource.initNonDisposeTracking(Resource.java:172)
	at org.eclipse.swt.graphics.Resource.<init>(Resource.java:120)
	at org.eclipse.swt.graphics.Image.<init>(Image.java:621)
	at org.eclipse.jface.resource.ImageDescriptor.createImage(ImageDescriptor.java:340)
	at org.eclipse.jface.resource.ImageDescriptor.createImage(ImageDescriptor.java:289)
	at org.eclipse.jface.resource.ImageDescriptor.createImage(ImageDescriptor.java:267)
	at org.jkiss.dbeaver.ui.DBeaverIcons.getCompositeIcon(DBeaverIcons.java:170)
	at org.jkiss.dbeaver.ui.DBeaverIcons.getIconDescriptor(DBeaverIcons.java:122)
	at org.jkiss.dbeaver.ui.DBeaverIcons.getImage(DBeaverIcons.java:94)
	at org.jkiss.dbeaver.ui.editors.sql.SQLEditor.refreshEditorIconAndTitle(SQLEditor.java:3101)
	at org.jkiss.dbeaver.ui.editors.sql.SQLEditor.onDataSourceChange(SQLEditor.java:3016)
	at org.jkiss.dbeaver.ui.editors.sql.SQLEditor.lambda$32(SQLEditor.java:3263)
	at org.eclipse.swt.widgets.RunnableLock.run(RunnableLock.java:40)
	at org.eclipse.swt.widgets.Synchronizer.runAsyncMessages(Synchronizer.java:132)
	at org.eclipse.swt.widgets.Display.runAsyncMessages(Display.java:4099)
	at org.eclipse.swt.widgets.Display.readAndDispatch(Display.java:3715)
	at org.eclipse.e4.ui.internal.workbench.swt.PartRenderingEngine$5.run(PartRenderingEngine.java:1151)
	at org.eclipse.core.databinding.observable.Realm.runWithDefault(Realm.java:339)
	at org.eclipse.e4.ui.internal.workbench.swt.PartRenderingEngine.run(PartRenderingEngine.java:1042)
	at org.eclipse.e4.ui.internal.workbench.E4Workbench.createAndRunUI(E4Workbench.java:153)
	at org.eclipse.ui.internal.Workbench.lambda$3(Workbench.java:639)
	at org.eclipse.core.databinding.observable.Realm.runWithDefault(Realm.java:339)
	at org.eclipse.ui.internal.Workbench.createAndRunWorkbench(Workbench.java:546)
	at org.eclipse.ui.PlatformUI.createAndRunWorkbench(PlatformUI.java:173)
	at org.jkiss.dbeaver.ui.app.standalone.DBeaverApplication.start(DBeaverApplication.java:293)
	at org.eclipse.equinox.internal.app.EclipseAppHandle.run(EclipseAppHandle.java:208)
	at org.eclipse.core.runtime.internal.adaptor.EclipseAppLauncher.runApplication(EclipseAppLauncher.java:143)
	at org.eclipse.core.runtime.internal.adaptor.EclipseAppLauncher.start(EclipseAppLauncher.java:109)
	at org.eclipse.core.runtime.adaptor.EclipseStarter.run(EclipseStarter.java:439)
	at org.eclipse.core.runtime.adaptor.EclipseStarter.run(EclipseStarter.java:271)
	at java.base/jdk.internal.reflect.NativeMethodAccessorImpl.invoke0(Native Method)
	at java.base/jdk.internal.reflect.NativeMethodAccessorImpl.invoke(Unknown Source)
	at java.base/jdk.internal.reflect.DelegatingMethodAccessorImpl.invoke(Unknown Source)
	at java.base/java.lang.reflect.Method.invoke(Unknown Source)
	at org.jkiss.dbeaver.launcher.DBeaverLauncher.invokeFramework(DBeaverLauncher.java:650)
	at org.jkiss.dbeaver.launcher.DBeaverLauncher.basicRun(DBeaverLauncher.java:610)
	at org.jkiss.dbeaver.launcher.DBeaverLauncher.run(DBeaverLauncher.java:1461)
2025-07-31 21:50:45.299 - SWT resource leak detected
java.lang.Error: SWT Resource was not properly disposed
	at org.eclipse.swt.graphics.Resource.initNonDisposeTracking(Resource.java:172)
	at org.eclipse.swt.graphics.Resource.<init>(Resource.java:120)
	at org.eclipse.swt.graphics.Image.<init>(Image.java:621)
	at org.eclipse.jface.resource.ImageDescriptor.createImage(ImageDescriptor.java:340)
	at org.eclipse.jface.resource.ImageDescriptor.createImage(ImageDescriptor.java:289)
	at org.eclipse.jface.resource.ImageDescriptor.createImage(ImageDescriptor.java:267)
	at org.jkiss.dbeaver.ui.DBeaverIcons.getCompositeIcon(DBeaverIcons.java:170)
	at org.jkiss.dbeaver.ui.DBeaverIcons.getIconDescriptor(DBeaverIcons.java:122)
	at org.jkiss.dbeaver.ui.DBeaverIcons.getImage(DBeaverIcons.java:94)
	at org.jkiss.dbeaver.ui.editors.sql.SQLEditor.refreshEditorIconAndTitle(SQLEditor.java:3101)
	at org.jkiss.dbeaver.ui.editors.sql.SQLEditor.onDataSourceChange(SQLEditor.java:3016)
	at org.jkiss.dbeaver.ui.editors.sql.SQLEditor.lambda$32(SQLEditor.java:3263)
	at org.eclipse.swt.widgets.RunnableLock.run(RunnableLock.java:40)
	at org.eclipse.swt.widgets.Synchronizer.runAsyncMessages(Synchronizer.java:132)
	at org.eclipse.swt.widgets.Display.runAsyncMessages(Display.java:4099)
	at org.eclipse.swt.widgets.Display.readAndDispatch(Display.java:3715)
	at org.eclipse.e4.ui.internal.workbench.swt.PartRenderingEngine$5.run(PartRenderingEngine.java:1151)
	at org.eclipse.core.databinding.observable.Realm.runWithDefault(Realm.java:339)
	at org.eclipse.e4.ui.internal.workbench.swt.PartRenderingEngine.run(PartRenderingEngine.java:1042)
	at org.eclipse.e4.ui.internal.workbench.E4Workbench.createAndRunUI(E4Workbench.java:153)
	at org.eclipse.ui.internal.Workbench.lambda$3(Workbench.java:639)
	at org.eclipse.core.databinding.observable.Realm.runWithDefault(Realm.java:339)
	at org.eclipse.ui.internal.Workbench.createAndRunWorkbench(Workbench.java:546)
	at org.eclipse.ui.PlatformUI.createAndRunWorkbench(PlatformUI.java:173)
	at org.jkiss.dbeaver.ui.app.standalone.DBeaverApplication.start(DBeaverApplication.java:293)
	at org.eclipse.equinox.internal.app.EclipseAppHandle.run(EclipseAppHandle.java:208)
	at org.eclipse.core.runtime.internal.adaptor.EclipseAppLauncher.runApplication(EclipseAppLauncher.java:143)
	at org.eclipse.core.runtime.internal.adaptor.EclipseAppLauncher.start(EclipseAppLauncher.java:109)
	at org.eclipse.core.runtime.adaptor.EclipseStarter.run(EclipseStarter.java:439)
	at org.eclipse.core.runtime.adaptor.EclipseStarter.run(EclipseStarter.java:271)
	at java.base/jdk.internal.reflect.NativeMethodAccessorImpl.invoke0(Native Method)
	at java.base/jdk.internal.reflect.NativeMethodAccessorImpl.invoke(Unknown Source)
	at java.base/jdk.internal.reflect.DelegatingMethodAccessorImpl.invoke(Unknown Source)
	at java.base/java.lang.reflect.Method.invoke(Unknown Source)
	at org.jkiss.dbeaver.launcher.DBeaverLauncher.invokeFramework(DBeaverLauncher.java:650)
	at org.jkiss.dbeaver.launcher.DBeaverLauncher.basicRun(DBeaverLauncher.java:610)
	at org.jkiss.dbeaver.launcher.DBeaverLauncher.run(DBeaverLauncher.java:1461)
2025-07-31 21:55:34.385 - Execution context closed (localhost 2, 13)
2025-07-31 21:55:34.433 - Execution context closed (localhost, 12)
2025-07-31 21:55:34.671 - Dispose navigator model
2025-07-31 21:55:34.695 - DBeaver is stopping
2025-07-31 21:55:34.696 - Stop instance server
2025-07-31 21:55:35.708 - DBeaver shutdown completed
